<< CAP LS
<< NICK ShowerNotGrower
<< USER jgirard- jgirard- irc.libera.chat :Julen Girard-grat
>> :iridium.libera.chat NOTICE * :*** Checking Ident
>> :iridium.libera.chat NOTICE * :*** Looking up your hostname...
>> :iridium.libera.chat NOTICE * :*** Couldn't look up your hostname
>> :iridium.libera.chat NOTICE * :*** No Ident response
>> :iridium.libera.chat CAP * LS :account-notify away-notify chghost extended-join multi-prefix sasl tls account-tag cap-notify echo-message server-time solanum.chat/identify-msg solanum.chat/oper solanum.chat/realhost
<< CAP REQ :multi-prefix
>> :iridium.libera.chat 433 * ShowerNotGrower :Nickname is already in use.
<< NICK ShowerNo1Grower
>> :iridium.libera.chat CAP * ACK :multi-prefix
<< CAP END
>> :iridium.libera.chat 001 ShowerNo1Grower :Welcome to the Libera.Chat Internet Relay Chat Network ShowerNo1Grower
<< MODE ShowerNo1Grower +i
<< WHOIS ShowerNotGrower
>> :iridium.libera.chat 002 ShowerNo1Grower :Your host is iridium.libera.chat[188.240.145.100/6697], running version solanum-1.0-dev
>> :iridium.libera.chat 003 ShowerNo1Grower :This server was created Thu Nov 16 2023 at 06:25:11 UTC
>> :iridium.libera.chat 004 ShowerNo1Grower iridium.libera.chat solanum-1.0-dev DGIMQRSZaghilopsuwz CFILMPQRSTbcefgijklmnopqrstuvz bkloveqjfI
>> :iridium.libera.chat 005 ShowerNo1Grower ACCOUNTEXTBAN=a KNOCK SAFELIST ELIST=CMNTU MONITOR=100 CALLERID=g FNC WHOX ETRACE CHANTYPES=# EXCEPTS INVEX :are supported by this server
>> :iridium.libera.chat 005 ShowerNo1Grower CHANMODES=eIbq,k,flj,CFLMPQRSTcgimnprstuz CHANLIMIT=#:250 PREFIX=(ov)@+ MAXLIST=bqeI:100 MODES=4 NETWORK=Libera.Chat STATUSMSG=@+ CASEMAPPING=rfc1459 NICKLEN=16 MAXNICKLEN=16 CHANNELLEN=50 TOPICLEN=390 :are supported by this server
>> :iridium.libera.chat 005 ShowerNo1Grower DEAF=D TARGMAX=NAMES:1,LIST:1,KICK:1,WHOIS:1,PRIVMSG:4,NOTICE:4,ACCEPT:,MONITOR: EXTBAN=$,agjrxz :are supported by this server
>> :iridium.libera.chat 251 ShowerNo1Grower :There are 68 users and 34521 invisible on 27 servers
>> :iridium.libera.chat 252 ShowerNo1Grower 40 :IRC Operators online
>> :iridium.libera.chat 253 ShowerNo1Grower 171 :unknown connection(s)
>> :iridium.libera.chat 254 ShowerNo1Grower 23224 :channels formed
>> :iridium.libera.chat 255 ShowerNo1Grower :I have 2367 clients and 1 servers
>> :iridium.libera.chat 265 ShowerNo1Grower 2367 2939 :Current local users 2367, max 2939
>> :iridium.libera.chat 266 ShowerNo1Grower 34589 37286 :Current global users 34589, max 37286
>> :iridium.libera.chat 250 ShowerNo1Grower :Highest connection count: 2940 (2939 clients) (368380 connections received)
>> :iridium.libera.chat 375 ShowerNo1Grower :- iridium.libera.chat Message of the Day - 
>> :iridium.libera.chat 372 ShowerNo1Grower :- This server provided by NORDUnet/SUNET
>> :iridium.libera.chat 372 ShowerNo1Grower :- Welcome to Libera Chat, the IRC network for
>> :iridium.libera.chat 372 ShowerNo1Grower :- free & open-source software and peer directed projects.
>> :iridium.libera.chat 372 ShowerNo1Grower :-  
>> :iridium.libera.chat 372 ShowerNo1Grower :- Use of Libera Chat is governed by our network policies.
>> :iridium.libera.chat 372 ShowerNo1Grower :-  
>> :iridium.libera.chat 372 ShowerNo1Grower :- To reduce network abuses we perform open proxy checks
>> :iridium.libera.chat 372 ShowerNo1Grower :- on hosts at connection time.
>> :iridium.libera.chat 372 ShowerNo1Grower :-  
>> :iridium.libera.chat 372 ShowerNo1Grower :- Please visit us in #libera for questions and support.
>> :iridium.libera.chat 372 ShowerNo1Grower :-  
>> :iridium.libera.chat 372 ShowerNo1Grower :- Website and documentation:  https://libera.chat
>> :iridium.libera.chat 372 ShowerNo1Grower :- Webchat:                    https://web.libera.chat
>> :iridium.libera.chat 372 ShowerNo1Grower :- Network policies:           https://libera.chat/policies
>> :iridium.libera.chat 372 ShowerNo1Grower :- Email:                      support@libera.chat
>> :iridium.libera.chat 376 ShowerNo1Grower :End of /MOTD command.
>> :ShowerNo1Grower MODE ShowerNo1Grower :+Ziw
<< PING iridium.libera.chat
>> :iridium.libera.chat 311 ShowerNo1Grower ShowerNotGrower ~jgirard- 62.129.8.171 * :Julen Girard-grat
--> nickfind event whois
>> :iridium.libera.chat 312 ShowerNo1Grower ShowerNotGrower silver.libera.chat :Virginia, US
--> event empty
>> :iridium.libera.chat 671 ShowerNo1Grower ShowerNotGrower :is using a secure connection
--> event empty
>> :iridium.libera.chat 338 ShowerNo1Grower ShowerNotGrower 62.129.8.171 :actually using host
--> event empty
>> :iridium.libera.chat 318 ShowerNo1Grower ShowerNotGrower :End of /WHOIS list.
--> event empty
>> :iridium.libera.chat PONG iridium.libera.chat :iridium.libera.chat
--> lag pong
<< NICK lalo
>> :ShowerNo1Grower!~jgirard-@62.129.8.171 NICK :lalo
>> :NickServ!NickServ@services.libera.chat NOTICE lalo :This nickname is registered. Please choose a different nickname, or identify via /msg NickServ IDENTIFY Lalo <password>
<< NICK laloses
>> :lalo!~jgirard-@62.129.8.171 NICK :laloses
<< JOIN #selemikucm
>> :laloses!~jgirard-@62.129.8.171 JOIN #selemikucm
>> :iridium.libera.chat 353 laloses @ #selemikucm :laloses @ShowerNotGrower
>> :iridium.libera.chat 366 laloses #selemikucm :End of /NAMES list.
<< MODE #selemikucm
>> :iridium.libera.chat 324 laloses #selemikucm +Cnst
--> chanquery mode
<< WHO #selemikucm
>> :iridium.libera.chat 329 laloses #selemikucm 1713358493
--> event 329
>> :iridium.libera.chat 352 laloses #selemikucm ~jgirard- 62.129.8.171 iridium.libera.chat laloses H :0 Julen Girard-grat
--> silent event who
>> :iridium.libera.chat 352 laloses #selemikucm ~jgirard- 62.129.8.171 silver.libera.chat ShowerNotGrower H@ :0 Julen Girard-grat
--> silent event who
>> :iridium.libera.chat 315 laloses #selemikucm :End of /WHO list.
--> chanquery who end
<< MODE #selemikucm b
>> :iridium.libera.chat 368 laloses #selemikucm :End of Channel Ban List
--> chanquery ban end
<< PING silver.libera.chat
>> :silver.libera.chat PONG silver.libera.chat :silver.libera.chat
--> lag pong
<< PING iridium.libera.chat
>> :iridium.libera.chat PONG iridium.libera.chat :iridium.libera.chat
--> lag pong
<< PING silver.libera.chat
>> :silver.libera.chat PONG silver.libera.chat :silver.libera.chat
--> lag pong
<< PING iridium.libera.chat
>> :iridium.libera.chat PONG iridium.libera.chat :iridium.libera.chat
--> lag pong
<< PING silver.libera.chat
>> :silver.libera.chat PONG silver.libera.chat :silver.libera.chat
--> lag pong
<< PING iridium.libera.chat
>> :iridium.libera.chat PONG iridium.libera.chat :iridium.libera.chat
--> lag pong
<< PING silver.libera.chat
>> :silver.libera.chat PONG silver.libera.chat :silver.libera.chat
--> lag pong
<< PING iridium.libera.chat
>> :iridium.libera.chat PONG iridium.libera.chat :iridium.libera.chat
--> lag pong
<< PING silver.libera.chat
>> :silver.libera.chat PONG silver.libera.chat :silver.libera.chat
--> lag pong
<< PING iridium.libera.chat
>> :iridium.libera.chat PONG iridium.libera.chat :iridium.libera.chat
--> lag pong
<< PING silver.libera.chat
>> :silver.libera.chat PONG silver.libera.chat :silver.libera.chat
--> lag pong
<< PING iridium.libera.chat
>> :iridium.libera.chat PONG iridium.libera.chat :iridium.libera.chat
--> lag pong
<< CAP LS
<< PASS lol
<< NICK ShowerNotGrower
<< USER jgirard- jgirard- localhost :Julen Girard-grat
>> 001 ShowerNotGrower381301324 :Welcome to Jugo's IRC Server
<< MODE ShowerNotGrower381301324 +i
<< WHOIS ShowerNotGrower
>> 
>> :ShowerNotGrower381301324 MODE ShowerNotGrower381301324 :+i
>> 311 ShowerNotGrower ShowerNotGrower jgirard- jgirard- * :Julen Girard-grat
--> nickfind event whois
>> 317 ShowerNotGrower jgirard- 20 :seconds idle
--> event empty
>> 318 ShowerNotGrower ShowerNotGrower :End of /WHOIS list
--> event empty
<< PING localhost
>> PONG :localhost
--> lag pong
<< JOIN #alo
>> :ShowerNotGrower381301324!jgirard-@jgirard- JOIN :#alo
>> 221 ShowerNotGrower381301324 +i
>> 324 ShowerNotGrower381301324 #alo +t
>> 353 ShowerNotGrower381301324 @ #alo :@ShowerNotGrower ShowerNotGrower381301324 
>> 366 ShowerNotGrower381301324 #alo :End of /NAMES list.
<< MODE #alo
>> 221 ShowerNotGrower381301324 +i
>> PING :ShowerNotGrower381301324
<< PONG :ShowerNotGrower381301324
>> PING :ShowerNotGrower381301324
<< PONG :ShowerNotGrower381301324
<< PING localhost
>> PONG :localhost
--> lag pong
>> PING :ShowerNotGrower381301324
<< PONG :ShowerNotGrower381301324
<< PING silver.libera.chat
>> :silver.libera.chat PONG silver.libera.chat :silver.libera.chat
--> lag pong
<< PING localhost
>> PONG :localhost
--> FAILED mode channel: chanquery abort
<< MODE #alo
--> lag pong
>> 221 ShowerNotGrower381301324 +i
<< PING iridium.libera.chat
>> :iridium.libera.chat PONG iridium.libera.chat :iridium.libera.chat
--> lag pong
>> PING :ShowerNotGrower381301324
<< PONG :ShowerNotGrower381301324
<< PING silver.libera.chat
>> :silver.libera.chat PONG silver.libera.chat :silver.libera.chat
--> lag pong
<< PING iridium.libera.chat
>> :iridium.libera.chat PONG iridium.libera.chat :iridium.libera.chat
--> lag pong
<< PING silver.libera.chat
>> :silver.libera.chat PONG silver.libera.chat :silver.libera.chat
--> lag pong
<< PING iridium.libera.chat
>> :iridium.libera.chat PONG iridium.libera.chat :iridium.libera.chat
--> lag pong
<< PING silver.libera.chat
>> :silver.libera.chat PONG silver.libera.chat :silver.libera.chat
--> lag pong
<< PING iridium.libera.chat
>> :iridium.libera.chat PONG iridium.libera.chat :iridium.libera.chat
--> lag pong
<< MODE ShowerNotGrower
>> :silver.libera.chat 221 ShowerNotGrower +Ziw
<< PING silver.libera.chat
>> :silver.libera.chat PONG silver.libera.chat :silver.libera.chat
--> lag pong
<< PING iridium.libera.chat
>> :iridium.libera.chat PONG iridium.libera.chat :iridium.libera.chat
--> lag pong
<< QUIT :leaving
>> :ShowerNotGrower!~jgirard-@62.129.8.171 QUIT :Quit: leaving
<< PING iridium.libera.chat
>> :iridium.libera.chat PONG iridium.libera.chat :iridium.libera.chat
--> lag pong
<< PING iridium.libera.chat
>> :iridium.libera.chat PONG iridium.libera.chat :iridium.libera.chat
--> lag pong
<< PING iridium.libera.chat
>> :iridium.libera.chat PONG iridium.libera.chat :iridium.libera.chat
--> lag pong
<< PING iridium.libera.chat
>> :iridium.libera.chat PONG iridium.libera.chat :iridium.libera.chat
--> lag pong
<< PING iridium.libera.chat
>> :iridium.libera.chat PONG iridium.libera.chat :iridium.libera.chat
--> lag pong
<< PING iridium.libera.chat
>> :iridium.libera.chat PONG iridium.libera.chat :iridium.libera.chat
--> lag pong
<< PING iridium.libera.chat
>> :iridium.libera.chat PONG iridium.libera.chat :iridium.libera.chat
--> lag pong
<< PING iridium.libera.chat
>> :iridium.libera.chat PONG iridium.libera.chat :iridium.libera.chat
--> lag pong
<< PING iridium.libera.chat
>> :iridium.libera.chat PONG iridium.libera.chat :iridium.libera.chat
--> lag pong
<< PING iridium.libera.chat
>> :iridium.libera.chat PONG iridium.libera.chat :iridium.libera.chat
--> lag pong
<< PING iridium.libera.chat
>> :iridium.libera.chat PONG iridium.libera.chat :iridium.libera.chat
--> lag pong
<< PING iridium.libera.chat
>> :iridium.libera.chat PONG iridium.libera.chat :iridium.libera.chat
--> lag pong
<< PING iridium.libera.chat
>> :iridium.libera.chat PONG iridium.libera.chat :iridium.libera.chat
--> lag pong
<< PING iridium.libera.chat
>> :iridium.libera.chat PONG iridium.libera.chat :iridium.libera.chat
--> lag pong
<< PING iridium.libera.chat
>> :iridium.libera.chat PONG iridium.libera.chat :iridium.libera.chat
--> lag pong
<< PING iridium.libera.chat
>> :iridium.libera.chat PONG iridium.libera.chat :iridium.libera.chat
--> lag pong
<< PING iridium.libera.chat
>> :iridium.libera.chat PONG iridium.libera.chat :iridium.libera.chat
--> lag pong
<< PING iridium.libera.chat
>> :iridium.libera.chat PONG iridium.libera.chat :iridium.libera.chat
--> lag pong
<< PING iridium.libera.chat
>> :iridium.libera.chat PONG iridium.libera.chat :iridium.libera.chat
--> lag pong
<< PING iridium.libera.chat
>> :iridium.libera.chat PONG iridium.libera.chat :iridium.libera.chat
--> lag pong
<< PING iridium.libera.chat
>> :iridium.libera.chat PONG iridium.libera.chat :iridium.libera.chat
--> lag pong
<< PING iridium.libera.chat
>> :iridium.libera.chat PONG iridium.libera.chat :iridium.libera.chat
--> lag pong
<< PING iridium.libera.chat
>> :iridium.libera.chat PONG iridium.libera.chat :iridium.libera.chat
--> lag pong
<< PING iridium.libera.chat
>> :iridium.libera.chat PONG iridium.libera.chat :iridium.libera.chat
--> lag pong
<< PING iridium.libera.chat
>> :iridium.libera.chat PONG iridium.libera.chat :iridium.libera.chat
--> lag pong
<< PING iridium.libera.chat
>> :iridium.libera.chat PONG iridium.libera.chat :iridium.libera.chat
--> lag pong
<< PING iridium.libera.chat
>> :iridium.libera.chat PONG iridium.libera.chat :iridium.libera.chat
--> lag pong
<< PING iridium.libera.chat
>> :iridium.libera.chat PONG iridium.libera.chat :iridium.libera.chat
--> lag pong
<< PING iridium.libera.chat
>> :iridium.libera.chat PONG iridium.libera.chat :iridium.libera.chat
--> lag pong
<< PING iridium.libera.chat
>> :iridium.libera.chat PONG iridium.libera.chat :iridium.libera.chat
--> lag pong
<< PING iridium.libera.chat
>> :iridium.libera.chat PONG iridium.libera.chat :iridium.libera.chat
--> lag pong
<< PING iridium.libera.chat
>> :iridium.libera.chat PONG iridium.libera.chat :iridium.libera.chat
--> lag pong
<< PING iridium.libera.chat
>> :iridium.libera.chat PONG iridium.libera.chat :iridium.libera.chat
--> lag pong
<< PING iridium.libera.chat
>> :iridium.libera.chat PONG iridium.libera.chat :iridium.libera.chat
--> lag pong
<< PING iridium.libera.chat
>> :iridium.libera.chat PONG iridium.libera.chat :iridium.libera.chat
--> lag pong
<< PING iridium.libera.chat
>> :iridium.libera.chat PONG iridium.libera.chat :iridium.libera.chat
--> lag pong
<< PING iridium.libera.chat
>> :iridium.libera.chat PONG iridium.libera.chat :iridium.libera.chat
--> lag pong
<< PING iridium.libera.chat
>> :iridium.libera.chat PONG iridium.libera.chat :iridium.libera.chat
--> lag pong
<< PING iridium.libera.chat
>> :iridium.libera.chat PONG iridium.libera.chat :iridium.libera.chat
--> lag pong
<< PING iridium.libera.chat
>> :iridium.libera.chat PONG iridium.libera.chat :iridium.libera.chat
--> lag pong
<< PING iridium.libera.chat
>> :iridium.libera.chat PONG iridium.libera.chat :iridium.libera.chat
--> lag pong
<< PING iridium.libera.chat
>> :iridium.libera.chat PONG iridium.libera.chat :iridium.libera.chat
--> lag pong
<< PING iridium.libera.chat
>> :iridium.libera.chat PONG iridium.libera.chat :iridium.libera.chat
--> lag pong
<< PING iridium.libera.chat
>> :iridium.libera.chat PONG iridium.libera.chat :iridium.libera.chat
--> lag pong
<< PING iridium.libera.chat
>> :iridium.libera.chat PONG iridium.libera.chat :iridium.libera.chat
--> lag pong
<< PING iridium.libera.chat
>> :iridium.libera.chat PONG iridium.libera.chat :iridium.libera.chat
--> lag pong
<< PING iridium.libera.chat
>> :iridium.libera.chat PONG iridium.libera.chat :iridium.libera.chat
--> lag pong
<< PING iridium.libera.chat
>> :iridium.libera.chat PONG iridium.libera.chat :iridium.libera.chat
--> lag pong
<< PING iridium.libera.chat
>> :iridium.libera.chat PONG iridium.libera.chat :iridium.libera.chat
--> lag pong
<< PING iridium.libera.chat
>> :iridium.libera.chat PONG iridium.libera.chat :iridium.libera.chat
--> lag pong
<< PING iridium.libera.chat
>> :iridium.libera.chat PONG iridium.libera.chat :iridium.libera.chat
--> lag pong
<< PING iridium.libera.chat
>> :iridium.libera.chat PONG iridium.libera.chat :iridium.libera.chat
--> lag pong
<< PING iridium.libera.chat
>> :iridium.libera.chat PONG iridium.libera.chat :iridium.libera.chat
--> lag pong
<< PING iridium.libera.chat
>> :iridium.libera.chat PONG iridium.libera.chat :iridium.libera.chat
--> lag pong
<< PING iridium.libera.chat
>> :iridium.libera.chat PONG iridium.libera.chat :iridium.libera.chat
--> lag pong
<< PING iridium.libera.chat
>> :iridium.libera.chat PONG iridium.libera.chat :iridium.libera.chat
--> lag pong
<< PING iridium.libera.chat
>> :iridium.libera.chat PONG iridium.libera.chat :iridium.libera.chat
--> lag pong
<< PING iridium.libera.chat
>> :iridium.libera.chat PONG iridium.libera.chat :iridium.libera.chat
--> lag pong
<< PING iridium.libera.chat
>> :iridium.libera.chat PONG iridium.libera.chat :iridium.libera.chat
--> lag pong
<< PING iridium.libera.chat
>> :iridium.libera.chat PONG iridium.libera.chat :iridium.libera.chat
--> lag pong
<< PING iridium.libera.chat
>> :iridium.libera.chat PONG iridium.libera.chat :iridium.libera.chat
--> lag pong
<< PING iridium.libera.chat
>> :iridium.libera.chat PONG iridium.libera.chat :iridium.libera.chat
--> lag pong
<< PING iridium.libera.chat
>> :iridium.libera.chat PONG iridium.libera.chat :iridium.libera.chat
--> lag pong
<< PING iridium.libera.chat
>> :iridium.libera.chat PONG iridium.libera.chat :iridium.libera.chat
--> lag pong
<< PING iridium.libera.chat
>> :iridium.libera.chat PONG iridium.libera.chat :iridium.libera.chat
--> lag pong
<< PING iridium.libera.chat
>> :iridium.libera.chat PONG iridium.libera.chat :iridium.libera.chat
--> lag pong
<< PING iridium.libera.chat
>> :iridium.libera.chat PONG iridium.libera.chat :iridium.libera.chat
--> lag pong
<< PING iridium.libera.chat
>> :iridium.libera.chat PONG iridium.libera.chat :iridium.libera.chat
--> lag pong
<< PING iridium.libera.chat
>> :iridium.libera.chat PONG iridium.libera.chat :iridium.libera.chat
--> lag pong
<< PING iridium.libera.chat
>> :iridium.libera.chat PONG iridium.libera.chat :iridium.libera.chat
--> lag pong
<< PING iridium.libera.chat
>> :iridium.libera.chat PONG iridium.libera.chat :iridium.libera.chat
--> lag pong
<< PING iridium.libera.chat
>> :iridium.libera.chat PONG iridium.libera.chat :iridium.libera.chat
--> lag pong
<< PING iridium.libera.chat
>> :iridium.libera.chat PONG iridium.libera.chat :iridium.libera.chat
--> lag pong
<< PING iridium.libera.chat
>> :iridium.libera.chat PONG iridium.libera.chat :iridium.libera.chat
--> lag pong
