<< CAP LS
<< NICK ShowerNotGrower
<< USER jgirard- jgirard- irc.libera.chat :Julen Girard-grat
>> :copper.libera.chat NOTICE * :*** Checking Ident
>> :copper.libera.chat NOTICE * :*** Looking up your hostname...
>> :copper.libera.chat NOTICE * :*** Couldn't look up your hostname
>> :copper.libera.chat NOTICE * :*** No Ident response
>> :copper.libera.chat CAP * LS :account-notify away-notify chghost extended-join multi-prefix sasl tls account-tag cap-notify echo-message server-time solanum.chat/identify-msg solanum.chat/oper solanum.chat/realhost
<< CAP REQ :multi-prefix
>> :copper.libera.chat 433 * ShowerNotGrower :Nickname is already in use.
<< NICK ShowerNo1Grower
>> :copper.libera.chat CAP * ACK :multi-prefix
<< CAP END
>> :copper.libera.chat 001 ShowerNo1Grower :Welcome to the Libera.Chat Internet Relay Chat Network ShowerNo1Grower
<< MODE ShowerNo1Grower +i
<< WHOIS ShowerNotGrower
>> :copper.libera.chat 002 ShowerNo1Grower :Your host is copper.libera.chat[130.185.232.126/6697], running version solanum-1.0-dev
>> :copper.libera.chat 003 ShowerNo1Grower :This server was created Sat Nov 18 2023 at 03:16:28 UTC
>> :copper.libera.chat 004 ShowerNo1Grower copper.libera.chat solanum-1.0-dev DGIMQRSZaghilopsuwz CFILMPQRSTbcefgijklmnopqrstuvz bkloveqjfI
>> :copper.libera.chat 005 ShowerNo1Grower ACCOUNTEXTBAN=a ETRACE FNC WHOX KNOCK CALLERID=g MONITOR=100 SAFELIST ELIST=CMNTU CHANTYPES=# EXCEPTS INVEX :are supported by this server
>> :copper.libera.chat 005 ShowerNo1Grower CHANMODES=eIbq,k,flj,CFLMPQRSTcgimnprstuz CHANLIMIT=#:250 PREFIX=(ov)@+ MAXLIST=bqeI:100 MODES=4 NETWORK=Libera.Chat STATUSMSG=@+ CASEMAPPING=rfc1459 NICKLEN=16 MAXNICKLEN=16 CHANNELLEN=50 TOPICLEN=390 :are supported by this server
>> :copper.libera.chat 005 ShowerNo1Grower DEAF=D TARGMAX=NAMES:1,LIST:1,KICK:1,WHOIS:1,PRIVMSG:4,NOTICE:4,ACCEPT:,MONITOR: EXTBAN=$,agjrxz :are supported by this server
>> :copper.libera.chat 251 ShowerNo1Grower :There are 74 users and 35944 invisible on 27 servers
>> :copper.libera.chat 252 ShowerNo1Grower 40 :IRC Operators online
>> :copper.libera.chat 253 ShowerNo1Grower 70 :unknown connection(s)
>> :copper.libera.chat 254 ShowerNo1Grower 23104 :channels formed
>> :copper.libera.chat 255 ShowerNo1Grower :I have 2545 clients and 1 servers
>> :copper.libera.chat 265 ShowerNo1Grower 2545 2719 :Current local users 2545, max 2719
>> :copper.libera.chat 266 ShowerNo1Grower 36018 37286 :Current global users 36018, max 37286
>> :copper.libera.chat 250 ShowerNo1Grower :Highest connection count: 2720 (2719 clients) (467017 connections received)
>> :copper.libera.chat 375 ShowerNo1Grower :- copper.libera.chat Message of the Day - 
>> :copper.libera.chat 372 ShowerNo1Grower :- Welcome to Libera Chat, the IRC network for
>> :copper.libera.chat 372 ShowerNo1Grower :- free & open-source software and peer directed projects.
>> :copper.libera.chat 372 ShowerNo1Grower :-  
>> :copper.libera.chat 372 ShowerNo1Grower :- Use of Libera Chat is governed by our network policies.
>> :copper.libera.chat 372 ShowerNo1Grower :-  
>> :copper.libera.chat 372 ShowerNo1Grower :- To reduce network abuses we perform open proxy checks
>> :copper.libera.chat 372 ShowerNo1Grower :- on hosts at connection time.
>> :copper.libera.chat 372 ShowerNo1Grower :-  
>> :copper.libera.chat 372 ShowerNo1Grower :- Please visit us in #libera for questions and support.
>> :copper.libera.chat 372 ShowerNo1Grower :-  
>> :copper.libera.chat 372 ShowerNo1Grower :- Website and documentation:  https://libera.chat
>> :copper.libera.chat 372 ShowerNo1Grower :- Webchat:                    https://web.libera.chat
>> :copper.libera.chat 372 ShowerNo1Grower :- Network policies:           https://libera.chat/policies
>> :copper.libera.chat 372 ShowerNo1Grower :- Email:                      support@libera.chat
>> :copper.libera.chat 376 ShowerNo1Grower :End of /MOTD command.
>> :ShowerNo1Grower MODE ShowerNo1Grower :+Ziw
<< NICK kevinns
>> :copper.libera.chat 311 ShowerNo1Grower ShowerNotGrower ~jgirard- 62.129.8.171 * :Julen Girard-grat
--> nickfind event whois
>> :copper.libera.chat 312 ShowerNo1Grower ShowerNotGrower silver.libera.chat :Virginia, US
--> event empty
>> :copper.libera.chat 671 ShowerNo1Grower ShowerNotGrower :is using a secure connection
--> event empty
>> :copper.libera.chat 338 ShowerNo1Grower ShowerNotGrower 62.129.8.171 :actually using host
--> event empty
>> :copper.libera.chat 318 ShowerNo1Grower ShowerNotGrower :End of /WHOIS list.
--> event empty
>> :ShowerNo1Grower!~jgirard-@62.129.8.171 NICK :kevinns
<< PING copper.libera.chat
>> :copper.libera.chat PONG copper.libera.chat :copper.libera.chat
--> lag pong
<< PING copper.libera.chat
>> :copper.libera.chat PONG copper.libera.chat :copper.libera.chat
--> lag pong
<< JOIN #aloe
>> :kevinns!~jgirard-@62.129.8.171 JOIN #aloe
>> :copper.libera.chat 353 kevinns @ #aloe :kevinns @ShowerNotGrower
>> :copper.libera.chat 366 kevinns #aloe :End of /NAMES list.
<< MODE #aloe
>> :copper.libera.chat 324 kevinns #aloe +Cnst
--> chanquery mode
<< WHO #aloe
>> :copper.libera.chat 329 kevinns #aloe 1713278039
--> event 329
>> :copper.libera.chat 352 kevinns #aloe ~jgirard- 62.129.8.171 copper.libera.chat kevinns H :0 Julen Girard-grat
--> silent event who
>> :copper.libera.chat 352 kevinns #aloe ~jgirard- 62.129.8.171 silver.libera.chat ShowerNotGrower H@ :0 Julen Girard-grat
--> silent event who
>> :copper.libera.chat 315 kevinns #aloe :End of /WHO list.
--> chanquery who end
<< MODE #aloe b
>> :copper.libera.chat 368 kevinns #aloe :End of Channel Ban List
--> chanquery ban end
<< PING copper.libera.chat
>> :copper.libera.chat PONG copper.libera.chat :copper.libera.chat
--> lag pong
<< PING copper.libera.chat
>> :copper.libera.chat PONG copper.libera.chat :copper.libera.chat
--> lag pong
<< PING copper.libera.chat
>> :copper.libera.chat PONG copper.libera.chat :copper.libera.chat
--> lag pong
>> :ShowerNotGrower!~jgirard-@62.129.8.171 PRIVMSG #aloe :aloe
<< PING copper.libera.chat
>> :copper.libera.chat PONG copper.libera.chat :copper.libera.chat
--> lag pong
<< PRIVMSG #aloe :seloe\
<< PING copper.libera.chat
>> :copper.libera.chat PONG copper.libera.chat :copper.libera.chat
--> lag pong
<< PING copper.libera.chat
>> :copper.libera.chat PONG copper.libera.chat :copper.libera.chat
--> lag pong
<< PING copper.libera.chat
>> :copper.libera.chat PONG copper.libera.chat :copper.libera.chat
--> lag pong
<< PING copper.libera.chat
>> :copper.libera.chat PONG copper.libera.chat :copper.libera.chat
--> lag pong
<< PING copper.libera.chat
>> :copper.libera.chat PONG copper.libera.chat :copper.libera.chat
--> lag pong
<< PING copper.libera.chat
>> :copper.libera.chat PONG copper.libera.chat :copper.libera.chat
--> lag pong
<< PING copper.libera.chat
>> :copper.libera.chat PONG copper.libera.chat :copper.libera.chat
--> lag pong
<< PING copper.libera.chat
>> :copper.libera.chat PONG copper.libera.chat :copper.libera.chat
--> lag pong
<< PING copper.libera.chat
>> :copper.libera.chat PONG copper.libera.chat :copper.libera.chat
--> lag pong
<< PING copper.libera.chat
>> :copper.libera.chat PONG copper.libera.chat :copper.libera.chat
--> lag pong
<< PING copper.libera.chat
>> :copper.libera.chat PONG copper.libera.chat :copper.libera.chat
--> lag pong
<< PING copper.libera.chat
>> :copper.libera.chat PONG copper.libera.chat :copper.libera.chat
--> lag pong
<< PING copper.libera.chat
>> :copper.libera.chat PONG copper.libera.chat :copper.libera.chat
--> lag pong
<< PING copper.libera.chat
>> :copper.libera.chat PONG copper.libera.chat :copper.libera.chat
--> lag pong
<< PING copper.libera.chat
>> :copper.libera.chat PONG copper.libera.chat :copper.libera.chat
--> lag pong
<< PING copper.libera.chat
>> :copper.libera.chat PONG copper.libera.chat :copper.libera.chat
--> lag pong
<< PING copper.libera.chat
>> :copper.libera.chat PONG copper.libera.chat :copper.libera.chat
--> lag pong
<< PING copper.libera.chat
>> :copper.libera.chat PONG copper.libera.chat :copper.libera.chat
--> lag pong
<< NICK @
>> :copper.libera.chat 432 kevinns @ :Erroneous Nickname
<< NICK @asd
>> :copper.libera.chat 432 kevinns @asd :Erroneous Nickname
<< PING copper.libera.chat
>> :copper.libera.chat PONG copper.libera.chat :copper.libera.chat
--> lag pong
<< PING copper.libera.chat
>> :copper.libera.chat PONG copper.libera.chat :copper.libera.chat
--> lag pong
<< PING copper.libera.chat
>> :copper.libera.chat PONG copper.libera.chat :copper.libera.chat
--> lag pong
<< PING copper.libera.chat
>> :copper.libera.chat PONG copper.libera.chat :copper.libera.chat
--> lag pong
<< PING copper.libera.chat
>> :copper.libera.chat PONG copper.libera.chat :copper.libera.chat
--> lag pong
<< PING copper.libera.chat
>> :copper.libera.chat PONG copper.libera.chat :copper.libera.chat
--> lag pong
<< PING copper.libera.chat
>> :copper.libera.chat PONG copper.libera.chat :copper.libera.chat
--> lag pong
<< PING copper.libera.chat
>> :copper.libera.chat PONG copper.libera.chat :copper.libera.chat
--> lag pong
<< PING copper.libera.chat
>> :copper.libera.chat PONG copper.libera.chat :copper.libera.chat
--> lag pong
<< PING copper.libera.chat
>> :copper.libera.chat PONG copper.libera.chat :copper.libera.chat
--> lag pong
<< PING copper.libera.chat
>> :copper.libera.chat PONG copper.libera.chat :copper.libera.chat
--> lag pong
<< PING copper.libera.chat
>> :copper.libera.chat PONG copper.libera.chat :copper.libera.chat
--> lag pong
<< PING copper.libera.chat
>> :copper.libera.chat PONG copper.libera.chat :copper.libera.chat
--> lag pong
<< PING copper.libera.chat
>> :copper.libera.chat PONG copper.libera.chat :copper.libera.chat
--> lag pong
<< PING copper.libera.chat
>> :copper.libera.chat PONG copper.libera.chat :copper.libera.chat
--> lag pong
<< PING copper.libera.chat
>> :copper.libera.chat PONG copper.libera.chat :copper.libera.chat
--> lag pong
<< PING copper.libera.chat
>> :copper.libera.chat PONG copper.libera.chat :copper.libera.chat
--> lag pong
<< PING copper.libera.chat
>> :copper.libera.chat PONG copper.libera.chat :copper.libera.chat
--> lag pong
<< PING copper.libera.chat
>> :copper.libera.chat PONG copper.libera.chat :copper.libera.chat
--> lag pong
<< PING copper.libera.chat
>> :copper.libera.chat PONG copper.libera.chat :copper.libera.chat
--> lag pong
<< PING copper.libera.chat
>> :copper.libera.chat PONG copper.libera.chat :copper.libera.chat
--> lag pong
<< PING copper.libera.chat
>> :copper.libera.chat PONG copper.libera.chat :copper.libera.chat
--> lag pong
<< PING copper.libera.chat
>> :copper.libera.chat PONG copper.libera.chat :copper.libera.chat
--> lag pong
<< PING copper.libera.chat
>> :copper.libera.chat PONG copper.libera.chat :copper.libera.chat
--> lag pong
<< PING copper.libera.chat
>> :copper.libera.chat PONG copper.libera.chat :copper.libera.chat
--> lag pong
<< PING copper.libera.chat
>> :copper.libera.chat PONG copper.libera.chat :copper.libera.chat
--> lag pong
<< PING copper.libera.chat
>> :copper.libera.chat PONG copper.libera.chat :copper.libera.chat
--> lag pong
<< PING copper.libera.chat
>> :copper.libera.chat PONG copper.libera.chat :copper.libera.chat
--> lag pong
<< PING copper.libera.chat
>> :copper.libera.chat PONG copper.libera.chat :copper.libera.chat
--> lag pong
<< PING copper.libera.chat
>> :copper.libera.chat PONG copper.libera.chat :copper.libera.chat
--> lag pong
<< PING copper.libera.chat
>> :copper.libera.chat PONG copper.libera.chat :copper.libera.chat
--> lag pong
<< PING copper.libera.chat
>> :copper.libera.chat PONG copper.libera.chat :copper.libera.chat
--> lag pong
<< PING copper.libera.chat
>> :copper.libera.chat PONG copper.libera.chat :copper.libera.chat
--> lag pong
<< PING copper.libera.chat
>> :copper.libera.chat PONG copper.libera.chat :copper.libera.chat
--> lag pong
<< PING copper.libera.chat
>> :copper.libera.chat PONG copper.libera.chat :copper.libera.chat
--> lag pong
<< PING copper.libera.chat
>> :copper.libera.chat PONG copper.libera.chat :copper.libera.chat
--> lag pong
<< PING copper.libera.chat
>> :copper.libera.chat PONG copper.libera.chat :copper.libera.chat
--> lag pong
<< PING copper.libera.chat
>> :copper.libera.chat PONG copper.libera.chat :copper.libera.chat
--> lag pong
<< PING copper.libera.chat
>> :copper.libera.chat PONG copper.libera.chat :copper.libera.chat
--> lag pong
<< PING copper.libera.chat
>> :copper.libera.chat PONG copper.libera.chat :copper.libera.chat
--> lag pong
<< PING copper.libera.chat
>> :copper.libera.chat PONG copper.libera.chat :copper.libera.chat
--> lag pong
<< PING copper.libera.chat
>> :copper.libera.chat PONG copper.libera.chat :copper.libera.chat
--> lag pong
<< PING copper.libera.chat
>> :copper.libera.chat PONG copper.libera.chat :copper.libera.chat
--> lag pong
<< PING copper.libera.chat
>> :copper.libera.chat PONG copper.libera.chat :copper.libera.chat
--> lag pong
<< PING copper.libera.chat
>> :copper.libera.chat PONG copper.libera.chat :copper.libera.chat
--> lag pong
<< PING copper.libera.chat
>> :copper.libera.chat PONG copper.libera.chat :copper.libera.chat
--> lag pong
<< PING copper.libera.chat
>> :copper.libera.chat PONG copper.libera.chat :copper.libera.chat
--> lag pong
<< PING copper.libera.chat
>> :copper.libera.chat PONG copper.libera.chat :copper.libera.chat
--> lag pong
